INFO:  latexindent.exe version 3.12, 2021-09-16, a script to indent .tex files
       latexindent.exe lives here: C:/software/latexindent/
       Sun Sep 26 17:21:27 2021
       Filename: c:/Users/gabriel.centurion/Desktop/proyecto/_informe/ExpComDist/4_trabrel/__latexindent_temp.tex
INFO:  Processing switches:
       -y|--yaml: YAML settings specified via command line
       -c|--cruft: cruft directory
INFO:  Directory for backup files and c:/Users/gabriel.centurion/Desktop/proyecto/_informe/ExpComDist//indent.log: c:/Users/gabriel.centurion/Desktop/proyecto/_informe/ExpComDist/
INFO:  YAML settings read: defaultSettings.yaml
       Reading defaultSettings.yaml from C:/software/latexindent/defaultSettings.yaml
INFO:  YAML settings read: indentconfig.yaml or .indentconfig.yaml
       Home directory is C:\Users\gabriel.centurion (didn't find either indentconfig.yaml or .indentconfig.yaml)
       To specify user settings you would put indentconfig.yaml here: C:\Users\gabriel.centurion/indentconfig.yaml
       Alternatively, you can use the hidden file .indentconfig.yaml as: C:\Users\gabriel.centurion/.indentconfig.yaml
INFO:  YAML settings read: -y switch
       YAML setting: defaultIndent:'    '
       Updating mainSettings with defaultIndent:     
INFO:  Phase 1: searching for objects
       No objects found.
INFO:  Phase 2: finding surrounding indentation
INFO:  Phase 3: indenting objects
INFO:  Phase 4: final indentation check
INFO:  Output routine:
       Not outputting to file; see -w and -o switches for more options.
       --------------
INFO:  Please direct all communication/issues to:
        https://github.com/cmhughes/latexindent.pl
